<?xml version="1.0" encoding="UTF-8"?>
<!-- Generated by org.testng.reporters.JUnitReportReporter -->
<testsuite skipped="0" hostname="AZHAR" name="com.saba.tests.CreateCustomerTest" tests="1" failures="0" timestamp="2021-02-16T00:21:19 IST" time="4.537" errors="0">
  <testcase name="validateCustomerAPIWithValidSecretKey" time="4.537" classname="com.saba.tests.CreateCustomerTest"/>
  <system-out/>
</testsuite> <!-- com.saba.tests.CreateCustomerTest -->
